EDuke32 2.0.0devel 20100727
Application parameters: -connect 127.0.0.1 
Connection to 127.0.0.1:23513 succeeded.
Using /tmp/eduke32/polymer/eduke32/ for game data
Using /home/zear/.eduke32/ for game data
Initializing SDL system interface (compiled against SDL version 1.2.15, found version 1.2.15)
Using "x11" video driver
No fullscreen modes available!
Searching for game data...
Using 'duke3d.grp' as main game data file.
Compiling: GAME.CON (151133 bytes)
Including: DEFS.CON (35992 bytes)
Including: USER.CON (45449 bytes)
GAME.CON: In state `blimphitstate':
GAME.CON:476: warning: expected action, found define.
GAME.CON: In actor `ORGANTIC':
GAME.CON:3969: warning: found `else' with no `if'.
GAME.CON: In state `pigshootenemystate':
GAME.CON:5892: warning: found `else' with no `if'.
Found 3 warning(s), 0 error(s).
Resizing code buffer to 16189*4 bytes
Script compiled in 22ms, 16181*4b, version 1.4+
1917/11264 labels, 321/2048 variables
125 quotes, 207 actors
Initialized 24,0M cache
RTS file DUKE.RTS was not found
Initializing OSD...
1 joystick(s) found
  1. Chicony USB Wireless HID Receiver
Joystick 1 has 36 axes, 6 buttons, and 0 hat(s).
Executing "settings.cfg"
Setting video mode 320x240 (16-bpp windowed)
Initializing music...
Error: couldn't open any of the following files:
/etc/timidity/freepats.cfg
/etc/timidity/timidity.cfg
/etc/timidity.cfg
Error: couldn't open any of the following files:
/etc/timidity/freepats.cfg
/etc/timidity/timidity.cfg
/etc/timidity.cfg
S_MusicStartup(): failed initializing
Initializing Cache timCache tiE1L1: HOLE1L1: HOLLYWOOD HZEAR has ZEAR has ZEAR is history!
ZEAR disconnected.
 
Wrote eduke32.cfg
Wrote settings.cfg
